Performing C++ SOURCE FILE Test COMPILER_SUPPORT_Wshorten64to32 failed with the following output:
Change Dir: /home/aminul/Documents/soil_model_running/build/CMakeFiles/CMakeTmp

Run Build Command(s):/usr/bin/make cmTC_92bf5/fast && /usr/bin/make -f CMakeFiles/cmTC_92bf5.dir/build.make CMakeFiles/cmTC_92bf5.dir/build
make[1]: Entering directory '/home/aminul/Documents/soil_model_running/build/CMakeFiles/CMakeTmp'
Building CXX object CMakeFiles/cmTC_92bf5.dir/src.cxx.o
/usr/bin/c++    -std=c++03 -pedantic -Wall -Wextra -Wundef -Wcast-align -Wchar-subscripts -Wnon-virtual-dtor -Wunused-local-typedefs -Wpointer-arith -Wwrite-strings -Wformat-security -DCOMPILER_SUPPORT_Wshorten64to32 -Werror   -Wshorten-64-to-32 -o CMakeFiles/cmTC_92bf5.dir/src.cxx.o -c /home/aminul/Documents/soil_model_running/build/CMakeFiles/CMakeTmp/src.cxx
c++: error: unrecognized command line option '-Wshorten-64-to-32'
make[1]: *** [CMakeFiles/cmTC_92bf5.dir/build.make:66: CMakeFiles/cmTC_92bf5.dir/src.cxx.o] Error 1
make[1]: Leaving directory '/home/aminul/Documents/soil_model_running/build/CMakeFiles/CMakeTmp'
make: *** [Makefile:121: cmTC_92bf5/fast] Error 2


Source file was:
int main() { return 0; }
Performing C++ SOURCE FILE Test COMPILER_SUPPORT_Wenumconversion failed with the following output:
Change Dir: /home/aminul/Documents/soil_model_running/build/CMakeFiles/CMakeTmp

Run Build Command(s):/usr/bin/make cmTC_0f43a/fast && /usr/bin/make -f CMakeFiles/cmTC_0f43a.dir/build.make CMakeFiles/cmTC_0f43a.dir/build
make[1]: Entering directory '/home/aminul/Documents/soil_model_running/build/CMakeFiles/CMakeTmp'
Building CXX object CMakeFiles/cmTC_0f43a.dir/src.cxx.o
/usr/bin/c++    -std=c++03 -pedantic -Wall -Wextra -Wundef -Wcast-align -Wchar-subscripts -Wnon-virtual-dtor -Wunused-local-typedefs -Wpointer-arith -Wwrite-strings -Wformat-security -Wlogical-op -DCOMPILER_SUPPORT_Wenumconversion -Werror   -Wenum-conversion -o CMakeFiles/cmTC_0f43a.dir/src.cxx.o -c /home/aminul/Documents/soil_model_running/build/CMakeFiles/CMakeTmp/src.cxx
c++: error: unrecognized command line option '-Wenum-conversion'; did you mean '-Wno-conversion'?
make[1]: *** [CMakeFiles/cmTC_0f43a.dir/build.make:66: CMakeFiles/cmTC_0f43a.dir/src.cxx.o] Error 1
make[1]: Leaving directory '/home/aminul/Documents/soil_model_running/build/CMakeFiles/CMakeTmp'
make: *** [Makefile:121: cmTC_0f43a/fast] Error 2


Source file was:
int main() { return 0; }
Performing C++ SOURCE FILE Test COMPILER_SUPPORT_Wcpp11extensions failed with the following output:
Change Dir: /home/aminul/Documents/soil_model_running/build/CMakeFiles/CMakeTmp

Run Build Command(s):/usr/bin/make cmTC_5e087/fast && /usr/bin/make -f CMakeFiles/cmTC_5e087.dir/build.make CMakeFiles/cmTC_5e087.dir/build
make[1]: Entering directory '/home/aminul/Documents/soil_model_running/build/CMakeFiles/CMakeTmp'
Building CXX object CMakeFiles/cmTC_5e087.dir/src.cxx.o
/usr/bin/c++    -std=c++03 -pedantic -Wall -Wextra -Wundef -Wcast-align -Wchar-subscripts -Wnon-virtual-dtor -Wunused-local-typedefs -Wpointer-arith -Wwrite-strings -Wformat-security -Wlogical-op -DCOMPILER_SUPPORT_Wcpp11extensions -Werror   -Wc++11-extensions -o CMakeFiles/cmTC_5e087.dir/src.cxx.o -c /home/aminul/Documents/soil_model_running/build/CMakeFiles/CMakeTmp/src.cxx
c++: error: unrecognized command line option '-Wc++11-extensions'; did you mean '-fms-extensions'?
make[1]: *** [CMakeFiles/cmTC_5e087.dir/build.make:66: CMakeFiles/cmTC_5e087.dir/src.cxx.o] Error 1
make[1]: Leaving directory '/home/aminul/Documents/soil_model_running/build/CMakeFiles/CMakeTmp'
make: *** [Makefile:121: cmTC_5e087/fast] Error 2


Source file was:
int main() { return 0; }
Performing C++ SOURCE FILE Test COMPILER_SUPPORT_wd981 failed with the following output:
Change Dir: /home/aminul/Documents/soil_model_running/build/CMakeFiles/CMakeTmp

Run Build Command(s):/usr/bin/make cmTC_6cd92/fast && /usr/bin/make -f CMakeFiles/cmTC_6cd92.dir/build.make CMakeFiles/cmTC_6cd92.dir/build
make[1]: Entering directory '/home/aminul/Documents/soil_model_running/build/CMakeFiles/CMakeTmp'
Building CXX object CMakeFiles/cmTC_6cd92.dir/src.cxx.o
/usr/bin/c++    -std=c++03 -pedantic -Wall -Wextra -Wundef -Wcast-align -Wchar-subscripts -Wnon-virtual-dtor -Wunused-local-typedefs -Wpointer-arith -Wwrite-strings -Wformat-security -Wlogical-op -Wdouble-promotion -Wshadow -Wno-psabi -Wno-variadic-macros -Wno-long-long -fno-check-new -fno-common -fstrict-aliasing -DCOMPILER_SUPPORT_wd981 -Werror   -wd981 -o CMakeFiles/cmTC_6cd92.dir/src.cxx.o -c /home/aminul/Documents/soil_model_running/build/CMakeFiles/CMakeTmp/src.cxx
c++: error: unrecognized command line option '-wd981'
make[1]: *** [CMakeFiles/cmTC_6cd92.dir/build.make:66: CMakeFiles/cmTC_6cd92.dir/src.cxx.o] Error 1
make[1]: Leaving directory '/home/aminul/Documents/soil_model_running/build/CMakeFiles/CMakeTmp'
make: *** [Makefile:121: cmTC_6cd92/fast] Error 2


Source file was:
int main() { return 0; }
Performing C++ SOURCE FILE Test COMPILER_SUPPORT_wd2304 failed with the following output:
Change Dir: /home/aminul/Documents/soil_model_running/build/CMakeFiles/CMakeTmp

Run Build Command(s):/usr/bin/make cmTC_b5d83/fast && /usr/bin/make -f CMakeFiles/cmTC_b5d83.dir/build.make CMakeFiles/cmTC_b5d83.dir/build
make[1]: Entering directory '/home/aminul/Documents/soil_model_running/build/CMakeFiles/CMakeTmp'
Building CXX object CMakeFiles/cmTC_b5d83.dir/src.cxx.o
/usr/bin/c++    -std=c++03 -pedantic -Wall -Wextra -Wundef -Wcast-align -Wchar-subscripts -Wnon-virtual-dtor -Wunused-local-typedefs -Wpointer-arith -Wwrite-strings -Wformat-security -Wlogical-op -Wdouble-promotion -Wshadow -Wno-psabi -Wno-variadic-macros -Wno-long-long -fno-check-new -fno-common -fstrict-aliasing -DCOMPILER_SUPPORT_wd2304 -Werror   -wd2304 -o CMakeFiles/cmTC_b5d83.dir/src.cxx.o -c /home/aminul/Documents/soil_model_running/build/CMakeFiles/CMakeTmp/src.cxx
c++: error: unrecognized command line option '-wd2304'
make[1]: *** [CMakeFiles/cmTC_b5d83.dir/build.make:66: CMakeFiles/cmTC_b5d83.dir/src.cxx.o] Error 1
make[1]: Leaving directory '/home/aminul/Documents/soil_model_running/build/CMakeFiles/CMakeTmp'
make: *** [Makefile:121: cmTC_b5d83/fast] Error 2


Source file was:
int main() { return 0; }
Performing C++ SOURCE FILE Test COMPILER_SUPPORT_STRICTANSI failed with the following output:
Change Dir: /home/aminul/Documents/soil_model_running/build/CMakeFiles/CMakeTmp

Run Build Command(s):/usr/bin/make cmTC_6d15c/fast && /usr/bin/make -f CMakeFiles/cmTC_6d15c.dir/build.make CMakeFiles/cmTC_6d15c.dir/build
make[1]: Entering directory '/home/aminul/Documents/soil_model_running/build/CMakeFiles/CMakeTmp'
Building CXX object CMakeFiles/cmTC_6d15c.dir/src.cxx.o
/usr/bin/c++    -std=c++03 -pedantic -Wall -Wextra -Wundef -Wcast-align -Wchar-subscripts -Wnon-virtual-dtor -Wunused-local-typedefs -Wpointer-arith -Wwrite-strings -Wformat-security -Wlogical-op -Wdouble-promotion -Wshadow -Wno-psabi -Wno-variadic-macros -Wno-long-long -fno-check-new -fno-common -fstrict-aliasing -DCOMPILER_SUPPORT_STRICTANSI -Werror   -strict-ansi -o CMakeFiles/cmTC_6d15c.dir/src.cxx.o -c /home/aminul/Documents/soil_model_running/build/CMakeFiles/CMakeTmp/src.cxx
c++: error: unrecognized command line option '-strict-ansi'; did you mean '-fstrict-enums'?
make[1]: *** [CMakeFiles/cmTC_6d15c.dir/build.make:66: CMakeFiles/cmTC_6d15c.dir/src.cxx.o] Error 1
make[1]: Leaving directory '/home/aminul/Documents/soil_model_running/build/CMakeFiles/CMakeTmp'
make: *** [Makefile:121: cmTC_6d15c/fast] Error 2


Source file was:
int main() { return 0; }
Performing C++ SOURCE FILE Test COMPILER_SUPPORT_Qunusedarguments failed with the following output:
Change Dir: /home/aminul/Documents/soil_model_running/build/CMakeFiles/CMakeTmp

Run Build Command(s):/usr/bin/make cmTC_28f1d/fast && /usr/bin/make -f CMakeFiles/cmTC_28f1d.dir/build.make CMakeFiles/cmTC_28f1d.dir/build
make[1]: Entering directory '/home/aminul/Documents/soil_model_running/build/CMakeFiles/CMakeTmp'
Building CXX object CMakeFiles/cmTC_28f1d.dir/src.cxx.o
/usr/bin/c++    -std=c++03 -pedantic -Wall -Wextra -Wundef -Wcast-align -Wchar-subscripts -Wnon-virtual-dtor -Wunused-local-typedefs -Wpointer-arith -Wwrite-strings -Wformat-security -Wlogical-op -Wdouble-promotion -Wshadow -Wno-psabi -Wno-variadic-macros -Wno-long-long -fno-check-new -fno-common -fstrict-aliasing -DCOMPILER_SUPPORT_Qunusedarguments -Werror   -Qunused-arguments -o CMakeFiles/cmTC_28f1d.dir/src.cxx.o -c /home/aminul/Documents/soil_model_running/build/CMakeFiles/CMakeTmp/src.cxx
c++: error: unrecognized command line option '-Qunused-arguments'
make[1]: *** [CMakeFiles/cmTC_28f1d.dir/build.make:66: CMakeFiles/cmTC_28f1d.dir/src.cxx.o] Error 1
make[1]: Leaving directory '/home/aminul/Documents/soil_model_running/build/CMakeFiles/CMakeTmp'
make: *** [Makefile:121: cmTC_28f1d/fast] Error 2


Source file was:
int main() { return 0; }
Performing C SOURCE FILE Test CMAKE_HAVE_LIBC_PTHREAD failed with the following output:
Change Dir: /home/aminul/Documents/soil_model_running/build/CMakeFiles/CMakeTmp

Run Build Command(s):/usr/bin/make cmTC_1c4a0/fast && /usr/bin/make -f CMakeFiles/cmTC_1c4a0.dir/build.make CMakeFiles/cmTC_1c4a0.dir/build
make[1]: Entering directory '/home/aminul/Documents/soil_model_running/build/CMakeFiles/CMakeTmp'
Building C object CMakeFiles/cmTC_1c4a0.dir/src.c.o
/usr/bin/cc   -DCMAKE_HAVE_LIBC_PTHREAD   -o CMakeFiles/cmTC_1c4a0.dir/src.c.o   -c /home/aminul/Documents/soil_model_running/build/CMakeFiles/CMakeTmp/src.c
Linking C executable cmTC_1c4a0
/usr/bin/cmake -E cmake_link_script CMakeFiles/cmTC_1c4a0.dir/link.txt --verbose=1
/usr/bin/cc  -DCMAKE_HAVE_LIBC_PTHREAD    CMakeFiles/cmTC_1c4a0.dir/src.c.o  -o cmTC_1c4a0 
/usr/bin/ld: CMakeFiles/cmTC_1c4a0.dir/src.c.o: in function `main':
src.c:(.text+0x46): undefined reference to `pthread_create'
/usr/bin/ld: src.c:(.text+0x52): undefined reference to `pthread_detach'
/usr/bin/ld: src.c:(.text+0x63): undefined reference to `pthread_join'
collect2: error: ld returned 1 exit status
make[1]: *** [CMakeFiles/cmTC_1c4a0.dir/build.make:87: cmTC_1c4a0] Error 1
make[1]: Leaving directory '/home/aminul/Documents/soil_model_running/build/CMakeFiles/CMakeTmp'
make: *** [Makefile:121: cmTC_1c4a0/fast] Error 2


Source file was:
#include <pthread.h>

void* test_func(void* data)
{
  return data;
}

int main(void)
{
  pthread_t thread;
  pthread_create(&thread, NULL, test_func, NULL);
  pthread_detach(thread);
  pthread_join(thread, NULL);
  pthread_atfork(NULL, NULL, NULL);
  pthread_exit(NULL);

  return 0;
}

Determining if the function pthread_create exists in the pthreads failed with the following output:
Change Dir: /home/aminul/Documents/soil_model_running/build/CMakeFiles/CMakeTmp

Run Build Command(s):/usr/bin/make cmTC_9658d/fast && /usr/bin/make -f CMakeFiles/cmTC_9658d.dir/build.make CMakeFiles/cmTC_9658d.dir/build
make[1]: Entering directory '/home/aminul/Documents/soil_model_running/build/CMakeFiles/CMakeTmp'
Building C object CMakeFiles/cmTC_9658d.dir/CheckFunctionExists.c.o
/usr/bin/cc   -DCHECK_FUNCTION_EXISTS=pthread_create   -o CMakeFiles/cmTC_9658d.dir/CheckFunctionExists.c.o   -c /usr/share/cmake-3.16/Modules/CheckFunctionExists.c
Linking C executable cmTC_9658d
/usr/bin/cmake -E cmake_link_script CMakeFiles/cmTC_9658d.dir/link.txt --verbose=1
/usr/bin/cc  -DCHECK_FUNCTION_EXISTS=pthread_create    CMakeFiles/cmTC_9658d.dir/CheckFunctionExists.c.o  -o cmTC_9658d  -lpthreads 
/usr/bin/ld: cannot find -lpthreads
collect2: error: ld returned 1 exit status
make[1]: *** [CMakeFiles/cmTC_9658d.dir/build.make:87: cmTC_9658d] Error 1
make[1]: Leaving directory '/home/aminul/Documents/soil_model_running/build/CMakeFiles/CMakeTmp'
make: *** [Makefile:121: cmTC_9658d/fast] Error 2



